2025-02-25 21:13:26,077 [INFO] Activator:176 - 


2025-02-25 21:13:26,080 [INFO] Activator:177 - !SESSION log4j initialized
2025-02-25 21:13:29,386 [INFO] LogOutputStream:77 - [STDOUT_REDIRECT] 
2025-02-25 21:13:36,368 [INFO] ApplicationProperties:184 - Using Application install path: C:\ST\STM32CubeIDE_1.16.1\STM32CubeIDE\plugins\com.st.stm32cube.common.mx_6.12.1.202409122256
2025-02-25 21:13:36,410 [INFO] DbMcusXml:78 - Set database path to: C:\ST\STM32CubeIDE_1.16.1\STM32CubeIDE\plugins\com.st.stm32cube.common.mx_6.12.1.202409122256\\db\/mcu/
2025-02-25 21:13:36,410 [INFO] ApiDb:274 - Set plugin database path to: C:\ST\STM32CubeIDE_1.16.1\STM32CubeIDE\plugins\com.st.stm32cube.common.mx_6.12.1.202409122256\\db\/plugins/boardmanager/
2025-02-25 21:13:36,412 [WARN] ApiDb:259 - Overriding images path with different value:  => C:\ST\STM32CubeIDE_1.16.1\STM32CubeIDE\plugins\com.st.stm32cube.common.mx_6.12.1.202409122256\\db\/plugins/mcufinder/images/
2025-02-25 21:13:36,422 [INFO] ApiDb:250 - Set database path to: C:\Users\lucas\.stmcufinder\plugins\mcufinder//mcu/
2025-02-25 21:13:36,423 [INFO] DbMcusAds:125 - Set database path to: C:\Users\lucas\.stmcufinder\plugins\mcufinder//mcu/
2025-02-25 21:13:36,427 [INFO] CrossReferenceDbSqlite:203 - Set database path to: C:\Users\lucas\.stmcufinder\plugins\mcufinder//mcu/cs/
2025-02-25 21:13:36,593 [INFO] RulesReader:64 - Compatibility file has been processed (297 Rules)
2025-02-25 21:13:36,713 [INFO] DbMcusXml:78 - Set database path to: C:\ST\STM32CubeIDE_1.16.1\STM32CubeIDE\plugins\com.st.stm32cube.common.mx_6.12.1.202409122256\\db\/mcu/
2025-02-25 21:13:36,713 [INFO] ApiDb:274 - Set plugin database path to: C:\ST\STM32CubeIDE_1.16.1\STM32CubeIDE\plugins\com.st.stm32cube.common.mx_6.12.1.202409122256\\db\/plugins/boardmanager/
2025-02-25 21:13:36,714 [INFO] ApiDb:261 - Set plugin images path to: C:\ST\STM32CubeIDE_1.16.1\STM32CubeIDE\plugins\com.st.stm32cube.common.mx_6.12.1.202409122256\\db\/plugins/mcufinder/images/
2025-02-25 21:13:36,714 [WARN] DbFile:41 - Overriding database path with different value: C:\Users\lucas\.stmcufinder\plugins\mcufinder/ => C:\Users\lucas\.stmcufinder\plugins\mcufinder
2025-02-25 21:13:36,714 [INFO] ApiDb:250 - Set database path to: C:\Users\lucas\.stmcufinder\plugins\mcufinder//mcu/
2025-02-25 21:13:36,714 [WARN] DbFile:41 - Overriding database path with different value: C:\Users\lucas\.stmcufinder\plugins\mcufinder/ => C:\Users\lucas\.stmcufinder\plugins\mcufinder
2025-02-25 21:13:36,714 [INFO] DbMcusAds:125 - Set database path to: C:\Users\lucas\.stmcufinder\plugins\mcufinder//mcu/
2025-02-25 21:13:36,714 [WARN] DbFile:41 - Overriding database path with different value: C:\Users\lucas\.stmcufinder\plugins\mcufinder/ => C:\Users\lucas\.stmcufinder\plugins\mcufinder
2025-02-25 21:13:36,714 [WARN] DbFile:41 - Overriding database path with different value: C:\Users\lucas\.stmcufinder\plugins\mcufinder/ => C:\Users\lucas\.stmcufinder\plugins\mcufinder
2025-02-25 21:13:36,714 [INFO] CrossReferenceDbSqlite:203 - Set database path to: C:\Users\lucas\.stmcufinder\plugins\mcufinder//mcu/cs/
2025-02-25 21:13:36,844 [INFO] MainPanel:268 - HeapMemory: 268435456
2025-02-25 21:13:36,994 [INFO] DbMcusXml:78 - Set database path to: C:\ST\STM32CubeIDE_1.16.1\STM32CubeIDE\plugins\com.st.stm32cube.common.mx_6.12.1.202409122256\\db\/mcu/
2025-02-25 21:13:36,994 [INFO] ApiDb:274 - Set plugin database path to: C:\ST\STM32CubeIDE_1.16.1\STM32CubeIDE\plugins\com.st.stm32cube.common.mx_6.12.1.202409122256\\db\/plugins/boardmanager/
2025-02-25 21:13:36,994 [INFO] ApiDb:261 - Set plugin images path to: C:\ST\STM32CubeIDE_1.16.1\STM32CubeIDE\plugins\com.st.stm32cube.common.mx_6.12.1.202409122256\\db\/plugins/mcufinder/images/
2025-02-25 21:13:36,994 [WARN] DbFile:41 - Overriding database path with different value: C:\Users\lucas\.stmcufinder\plugins\mcufinder/ => C:\Users\lucas\.stmcufinder\plugins\mcufinder
2025-02-25 21:13:36,995 [INFO] ApiDb:250 - Set database path to: C:\Users\lucas\.stmcufinder\plugins\mcufinder//mcu/
2025-02-25 21:13:36,995 [WARN] DbFile:41 - Overriding database path with different value: C:\Users\lucas\.stmcufinder\plugins\mcufinder/ => C:\Users\lucas\.stmcufinder\plugins\mcufinder
2025-02-25 21:13:36,995 [INFO] DbMcusAds:125 - Set database path to: C:\Users\lucas\.stmcufinder\plugins\mcufinder//mcu/
2025-02-25 21:13:36,995 [WARN] DbFile:41 - Overriding database path with different value: C:\Users\lucas\.stmcufinder\plugins\mcufinder/ => C:\Users\lucas\.stmcufinder\plugins\mcufinder
2025-02-25 21:13:36,995 [WARN] DbFile:41 - Overriding database path with different value: C:\Users\lucas\.stmcufinder\plugins\mcufinder/ => C:\Users\lucas\.stmcufinder\plugins\mcufinder
2025-02-25 21:13:36,995 [INFO] CrossReferenceDbSqlite:203 - Set database path to: C:\Users\lucas\.stmcufinder\plugins\mcufinder//mcu/cs/
2025-02-25 21:13:37,014 [INFO] ApplicationProperties:184 - Using Application install path: C:\ST\STM32CubeIDE_1.16.1\STM32CubeIDE\plugins\com.st.stm32cube.common.mx_6.12.1.202409122256
2025-02-25 21:13:37,016 [INFO] PluginManage:196 - Search for loadable plugins [exclusion list=, ]
2025-02-25 21:13:37,018 [INFO] PluginManage:310 - Check plugin analytics
2025-02-25 21:13:41,882 [INFO] AnalyticsPlugin:253 - Accepted Software Licenses: STM32CubeMX.6.12.0
2025-02-25 21:13:41,882 [INFO] AnalyticsPlugin:255 - Accepted CMSIS Pack Licenses: 
2025-02-25 21:13:41,883 [INFO] AnalyticsPlugin:257 - Accepted Firmware Licenses: FW.F4.1.27.0,FW.L4.1.18.0,FW.WBA.1.1.0,FW.WB.1.17.0,FW.WB.1.19.0,FW.WB.1.20.0,FW.H7RS.1.1.0,FW.F4.1.28.0
2025-02-25 21:13:41,885 [INFO] PluginManage:359 - Loaded plugin analytics (category:tool,tabindex:-1)
2025-02-25 21:13:41,886 [INFO] PluginManage:310 - Check plugin cadmodel
2025-02-25 21:13:41,897 [INFO] CADModel:105 - Init CAD model plugin
2025-02-25 21:13:41,897 [INFO] PluginManage:359 - Loaded plugin cadmodel (category:power,tabindex:5)
2025-02-25 21:13:41,898 [INFO] PluginManage:310 - Check plugin clock
2025-02-25 21:13:41,916 [INFO] PluginManage:359 - Loaded plugin clock (category:base,tabindex:2)
2025-02-25 21:13:41,916 [INFO] PluginManage:310 - Check plugin ddr
2025-02-25 21:13:41,922 [INFO] PluginManage:359 - Loaded plugin ddr (category:tool,tabindex:6)
2025-02-25 21:13:41,922 [INFO] PluginManage:310 - Check plugin filemanager
2025-02-25 21:13:42,128 [INFO] PluginManage:359 - Loaded plugin filemanager (category:base,tabindex:10)
2025-02-25 21:13:42,128 [INFO] PluginManage:310 - Check plugin ipmanager
2025-02-25 21:13:42,137 [INFO] PluginManage:359 - Loaded plugin ipmanager (category:base,tabindex:5)
2025-02-25 21:13:42,137 [INFO] PluginManage:310 - Check plugin lpbam
2025-02-25 21:13:42,146 [INFO] PluginManage:359 - Loaded plugin lpbam (category:base,tabindex:0)
2025-02-25 21:13:42,146 [INFO] PluginManage:310 - Check plugin memorymap
2025-02-25 21:13:42,187 [INFO] PluginManage:359 - Loaded plugin memorymap (category:base,tabindex:4)
2025-02-25 21:13:42,187 [INFO] PluginManage:310 - Check plugin pinoutandconfiguration
2025-02-25 21:13:42,196 [INFO] PluginManage:359 - Loaded plugin pinoutandconfiguration (category:base,tabindex:1)
2025-02-25 21:13:42,197 [INFO] PluginManage:310 - Check plugin pinoutconfig
2025-02-25 21:13:42,333 [WARN] SupportedApi:132 - Cannot load RTOS API schema: s4s-elt-must-match.1: The content of 'definitions' must match (annotation?, (simpleType | complexType)?, (unique | key | keyref)*)). A problem was found starting at: attribute.
2025-02-25 21:13:42,511 [INFO] PluginManage:359 - Loaded plugin pinoutconfig (category:base,tabindex:0)
2025-02-25 21:13:42,511 [INFO] PluginManage:310 - Check plugin power
2025-02-25 21:13:42,538 [INFO] PluginManage:359 - Loaded plugin power (category:power,tabindex:4)
2025-02-25 21:13:42,539 [INFO] PluginManage:310 - Check plugin projectmanager
2025-02-25 21:13:42,558 [INFO] PluginManage:359 - Loaded plugin projectmanager (category:projectmanager,tabindex:4)
2025-02-25 21:13:42,559 [INFO] PluginManage:310 - Check plugin rif
2025-02-25 21:13:42,576 [INFO] PluginManage:359 - Loaded plugin rif (category:base,tabindex:3)
2025-02-25 21:13:42,576 [INFO] PluginManage:310 - Check plugin thirdparty
2025-02-25 21:13:42,736 [INFO] PluginManage:359 - Loaded plugin thirdparty (category:base,tabindex:-1)
2025-02-25 21:13:42,736 [INFO] PluginManage:310 - Check plugin tools
2025-02-25 21:13:42,736 [WARN] IntegrityCheckThread:84 - waiting for thirdparty lock release [integrity check]
2025-02-25 21:13:42,736 [INFO] IntegrityCheckThread:86 - entering critical section [integrity check]
2025-02-25 21:13:42,737 [INFO] ThirdPartyUpdaterWithRetryManager:70 - Updater plugin not ready yet. [1/15]
2025-02-25 21:13:42,738 [INFO] PluginManage:359 - Loaded plugin tools (category:base,tabindex:7)
2025-02-25 21:13:42,738 [INFO] PluginManage:310 - Check plugin tutovideos
2025-02-25 21:13:43,053 [INFO] PluginManage:359 - Loaded plugin tutovideos (category:base,tabindex:-1)
2025-02-25 21:13:43,053 [INFO] PluginManage:310 - Check plugin updater
2025-02-25 21:13:43,080 [INFO] PluginManage:359 - Loaded plugin updater (category:base,tabindex:12)
2025-02-25 21:13:43,080 [INFO] PluginManage:310 - Check plugin userauth
2025-02-25 21:13:43,087 [INFO] UserAuth:113 - Init User Auth plugin
2025-02-25 21:13:43,087 [INFO] PluginManage:359 - Loaded plugin userauth (category:base,tabindex:14)
2025-02-25 21:13:43,087 [INFO] PluginManage:283 - PluginManage : Loaded plugins [18]
2025-02-25 21:13:43,379 [INFO] PinOutPanel:1561 - setPackage(No Configuration,No Configuration)
2025-02-25 21:13:43,482 [INFO] CADModel:165 - CPN selected for project level
2025-02-25 21:13:43,482 [INFO] CADModel:114 - Register for checkConnection events
2025-02-25 21:13:43,498 [INFO] IPUIPlugin:80 - create IPUIPlugin
2025-02-25 21:13:43,498 [INFO] PluginManager:220 - loadIPPluginJar : add adc
2025-02-25 21:13:43,500 [INFO] IPUIPlugin:80 - create IPUIPlugin
2025-02-25 21:13:43,500 [INFO] PluginManager:220 - loadIPPluginJar : add aes
2025-02-25 21:13:43,504 [INFO] IPUIPlugin:80 - create IPUIPlugin
2025-02-25 21:13:43,504 [INFO] PluginManager:220 - loadIPPluginJar : add can
2025-02-25 21:13:43,506 [INFO] IPUIPlugin:80 - create IPUIPlugin
2025-02-25 21:13:43,506 [INFO] PluginManager:220 - loadIPPluginJar : add comp
2025-02-25 21:13:43,508 [INFO] IPUIPlugin:80 - create IPUIPlugin
2025-02-25 21:13:43,508 [INFO] PluginManager:220 - loadIPPluginJar : add cryp
2025-02-25 21:13:43,512 [INFO] IPUIPlugin:80 - create IPUIPlugin
2025-02-25 21:13:43,512 [INFO] PluginManager:220 - loadIPPluginJar : add ddr_ctrl_phy
2025-02-25 21:13:43,515 [INFO] IPUIPlugin:80 - create IPUIPlugin
2025-02-25 21:13:43,515 [INFO] PluginManager:220 - loadIPPluginJar : add dfsdm
2025-02-25 21:13:43,520 [INFO] IPUIPlugin:80 - create IPUIPlugin
2025-02-25 21:13:43,521 [INFO] PluginManager:220 - loadIPPluginJar : add dma
2025-02-25 21:13:43,524 [INFO] IPUIPlugin:80 - create IPUIPlugin
2025-02-25 21:13:43,524 [INFO] PluginManager:220 - loadIPPluginJar : add dma3
2025-02-25 21:13:43,527 [INFO] IPUIPlugin:80 - create IPUIPlugin
2025-02-25 21:13:43,527 [INFO] PluginManager:220 - loadIPPluginJar : add extmemmanager
2025-02-25 21:13:43,529 [INFO] IPUIPlugin:80 - create IPUIPlugin
2025-02-25 21:13:43,529 [INFO] PluginManager:220 - loadIPPluginJar : add fatfs
2025-02-25 21:13:43,533 [INFO] IPUIPlugin:80 - create IPUIPlugin
2025-02-25 21:13:43,533 [INFO] PluginManager:220 - loadIPPluginJar : add fmc
2025-02-25 21:13:43,539 [INFO] IPUIPlugin:80 - create IPUIPlugin
2025-02-25 21:13:43,540 [INFO] PluginManager:220 - loadIPPluginJar : add freertos
2025-02-25 21:13:43,541 [INFO] IPUIPlugin:80 - create IPUIPlugin
2025-02-25 21:13:43,541 [INFO] PluginManager:220 - loadIPPluginJar : add genericplugin
2025-02-25 21:13:43,545 [INFO] IPUIPlugin:80 - create IPUIPlugin
2025-02-25 21:13:43,545 [INFO] PluginManager:220 - loadIPPluginJar : add gfxmmu
2025-02-25 21:13:43,551 [INFO] IPUIPlugin:80 - create IPUIPlugin
2025-02-25 21:13:43,551 [INFO] PluginManager:220 - loadIPPluginJar : add gic
2025-02-25 21:13:43,561 [INFO] IPUIPlugin:80 - create IPUIPlugin
2025-02-25 21:13:43,561 [INFO] PluginManager:220 - loadIPPluginJar : add gpio
2025-02-25 21:13:43,569 [INFO] IPUIPlugin:80 - create IPUIPlugin
2025-02-25 21:13:43,569 [INFO] PluginManager:220 - loadIPPluginJar : add gtzc
2025-02-25 21:13:43,572 [INFO] IPUIPlugin:80 - create IPUIPlugin
2025-02-25 21:13:43,572 [INFO] PluginManager:220 - loadIPPluginJar : add hash
2025-02-25 21:13:43,576 [INFO] IPUIPlugin:80 - create IPUIPlugin
2025-02-25 21:13:43,576 [INFO] PluginManager:220 - loadIPPluginJar : add i2c
2025-02-25 21:13:43,578 [INFO] IPUIPlugin:80 - create IPUIPlugin
2025-02-25 21:13:43,578 [INFO] PluginManager:220 - loadIPPluginJar : add i2s
2025-02-25 21:13:43,581 [INFO] IPUIPlugin:80 - create IPUIPlugin
2025-02-25 21:13:43,581 [INFO] PluginManager:220 - loadIPPluginJar : add i3c
2025-02-25 21:13:43,584 [INFO] IPUIPlugin:80 - create IPUIPlugin
2025-02-25 21:13:43,585 [INFO] PluginManager:220 - loadIPPluginJar : add ipddr
2025-02-25 21:13:43,594 [INFO] IPUIPlugin:80 - create IPUIPlugin
2025-02-25 21:13:43,594 [INFO] PluginManager:220 - loadIPPluginJar : add linkedlist
2025-02-25 21:13:43,601 [INFO] IPUIPlugin:80 - create IPUIPlugin
2025-02-25 21:13:43,601 [INFO] PluginManager:220 - loadIPPluginJar : add lorawan
2025-02-25 21:13:43,606 [INFO] IPUIPlugin:80 - create IPUIPlugin
2025-02-25 21:13:43,606 [INFO] PluginManager:220 - loadIPPluginJar : add ltdc
2025-02-25 21:13:43,618 [INFO] IPUIPlugin:80 - create IPUIPlugin
2025-02-25 21:13:43,618 [INFO] PluginManager:220 - loadIPPluginJar : add mdma
2025-02-25 21:13:43,622 [INFO] IPUIPlugin:80 - create IPUIPlugin
2025-02-25 21:13:43,623 [INFO] PluginManager:220 - loadIPPluginJar : add nvic
2025-02-25 21:13:43,629 [INFO] IPUIPlugin:80 - create IPUIPlugin
2025-02-25 21:13:43,629 [INFO] PluginManager:220 - loadIPPluginJar : add opamp
2025-02-25 21:13:43,633 [INFO] IPUIPlugin:80 - create IPUIPlugin
2025-02-25 21:13:43,633 [INFO] PluginManager:220 - loadIPPluginJar : add openamp
2025-02-25 21:13:43,637 [INFO] IPUIPlugin:80 - create IPUIPlugin
2025-02-25 21:13:43,638 [INFO] PluginManager:220 - loadIPPluginJar : add pdm2pcm
2025-02-25 21:13:43,643 [INFO] IPUIPlugin:80 - create IPUIPlugin
2025-02-25 21:13:43,649 [INFO] PluginManager:220 - loadIPPluginJar : add plateformsettings
2025-02-25 21:13:43,651 [INFO] IPUIPlugin:80 - create IPUIPlugin
2025-02-25 21:13:43,651 [INFO] PluginManager:220 - loadIPPluginJar : add quadspi
2025-02-25 21:13:43,654 [INFO] IPUIPlugin:80 - create IPUIPlugin
2025-02-25 21:13:43,654 [INFO] PluginManager:220 - loadIPPluginJar : add radio
2025-02-25 21:13:43,658 [INFO] IPUIPlugin:80 - create IPUIPlugin
2025-02-25 21:13:43,658 [INFO] PluginManager:220 - loadIPPluginJar : add resmgrutility
2025-02-25 21:13:43,663 [INFO] IPUIPlugin:80 - create IPUIPlugin
2025-02-25 21:13:43,663 [INFO] PluginManager:220 - loadIPPluginJar : add sai
2025-02-25 21:13:43,666 [INFO] IPUIPlugin:80 - create IPUIPlugin
2025-02-25 21:13:43,666 [INFO] PluginManager:220 - loadIPPluginJar : add spi
2025-02-25 21:13:43,672 [INFO] IPUIPlugin:80 - create IPUIPlugin
2025-02-25 21:13:43,672 [INFO] PluginManager:220 - loadIPPluginJar : add stm32_wpan
2025-02-25 21:13:43,675 [INFO] IPUIPlugin:80 - create IPUIPlugin
2025-02-25 21:13:43,675 [INFO] PluginManager:220 - loadIPPluginJar : add tim
2025-02-25 21:13:43,678 [INFO] IPUIPlugin:80 - create IPUIPlugin
2025-02-25 21:13:43,679 [INFO] PluginManager:220 - loadIPPluginJar : add touchsensing
2025-02-25 21:13:43,680 [INFO] IPUIPlugin:80 - create IPUIPlugin
2025-02-25 21:13:43,680 [INFO] PluginManager:220 - loadIPPluginJar : add tracer_emb
2025-02-25 21:13:43,683 [INFO] IPUIPlugin:80 - create IPUIPlugin
2025-02-25 21:13:43,683 [INFO] PluginManager:220 - loadIPPluginJar : add ts
2025-02-25 21:13:43,685 [INFO] IPUIPlugin:80 - create IPUIPlugin
2025-02-25 21:13:43,686 [INFO] PluginManager:220 - loadIPPluginJar : add tsc
2025-02-25 21:13:43,688 [INFO] IPUIPlugin:80 - create IPUIPlugin
2025-02-25 21:13:43,688 [INFO] PluginManager:220 - loadIPPluginJar : add ucpd
2025-02-25 21:13:43,690 [INFO] IPUIPlugin:80 - create IPUIPlugin
2025-02-25 21:13:43,691 [INFO] PluginManager:220 - loadIPPluginJar : add usart
2025-02-25 21:13:43,693 [INFO] IPUIPlugin:80 - create IPUIPlugin
2025-02-25 21:13:43,693 [INFO] PluginManager:220 - loadIPPluginJar : add usbx
2025-02-25 21:13:43,833 [INFO] CADModel:165 - CPN selected for project level
2025-02-25 21:13:43,833 [INFO] CADModel:114 - Register for checkConnection events
2025-02-25 21:13:43,833 [FATAL] Updater:334 - Updater called before beeing initialized
2025-02-25 21:13:43,834 [ERROR] CADModel:125 - Updater not yet initialized, retry later 
2025-02-25 21:13:44,043 [INFO] CADModel:165 - CPN selected for project level
2025-02-25 21:13:44,043 [INFO] CADModel:114 - Register for checkConnection events
2025-02-25 21:13:44,043 [FATAL] Updater:334 - Updater called before beeing initialized
2025-02-25 21:13:44,043 [ERROR] CADModel:125 - Updater not yet initialized, retry later 
2025-02-25 21:13:44,046 [FATAL] Updater:334 - Updater called before beeing initialized
2025-02-25 21:13:44,171 [FATAL] Updater:334 - Updater called before beeing initialized
2025-02-25 21:13:44,175 [INFO] DbMcusAds:53 - JSON generation date=Wed Dec 18 03:01:15 AEDT 2024 (1734451275111)
2025-02-25 21:13:44,175 [FATAL] Updater:334 - Updater called before beeing initialized
2025-02-25 21:13:44,219 [WARN] DetailPanel:346 - Failed to get advertising image, set to default
2025-02-25 21:13:44,312 [FATAL] Updater:334 - Updater called before beeing initialized
2025-02-25 21:13:44,314 [FATAL] Updater:334 - Updater called before beeing initialized
2025-02-25 21:13:44,314 [FATAL] Updater:334 - Updater called before beeing initialized
2025-02-25 21:13:44,314 [WARN] DetailPanel:346 - Failed to get advertising image, set to default
2025-02-25 21:13:44,315 [FATAL] Updater:334 - Updater called before beeing initialized
2025-02-25 21:13:44,390 [ERROR] Updater:1164 - MainUpdater not yet initialized. External WinMGr cannot be set.
2025-02-25 21:13:44,393 [INFO] Updater:1100 - Updater Version found : 6.12.1
2025-02-25 21:13:44,421 [INFO] ApplicationProperties:184 - Using Application install path: C:\ST\STM32CubeIDE_1.16.1\STM32CubeIDE\plugins\com.st.stm32cube.common.mx_6.12.1.202409122256
2025-02-25 21:13:45,738 [INFO] ThirdPartyUpdaterWithRetryManager:70 - Updater plugin not ready yet. [2/15]
2025-02-25 21:13:45,993 [ERROR] LogOutputStream:75 - [STDERR_REDIRECT] Feb 25, 2025 9:13:45 PM java.util.prefs.WindowsPreferences <init>
2025-02-25 21:13:45,996 [ERROR] LogOutputStream:75 - [STDERR_REDIRECT] WARNING: Could not open/create prefs root node Software\JavaSoft\Prefs at root 0xffffffff80000002. Windows RegCreateKeyEx(...) returned error code 5.
2025-02-25 21:13:45,996 [ERROR] LogOutputStream:75 - [STDERR_REDIRECT] 
2025-02-25 21:13:46,394 [INFO] MainUpdater:2873 - connection check result : 10
2025-02-25 21:13:46,395 [INFO] MainUpdater:290 - Updater Check For Update Now.
2025-02-25 21:13:46,395 [INFO] MicroXplorer:498 - Change Database Version : DB.6.0.121
2025-02-25 21:13:46,412 [INFO] McuFinderGlobals:63 - Set McuFinder mode to 2 (CubeIDE integrated)
2025-02-25 21:13:46,414 [INFO] UserAuth:417 - Internet connection configuration mode: 1
2025-02-25 21:13:46,444 [INFO] JxBrowserEngine:152 - Initiate JxBrowser Engine with user profile folder
2025-02-25 21:13:46,622 [INFO] CheckServerUpdateThread:120 - End of CheckServer Thread
2025-02-25 21:13:48,090 [INFO] WebApp:167 - Instantiating new browser for Auth
2025-02-25 21:13:49,856 [WARN] PackLoader:240 - Cannot read IP mode file for STMicroelectronics.FP-SNS-MOTENVWB1.1.4.0
2025-02-25 21:13:49,894 [WARN] PackLoader:240 - Cannot read IP mode file for STMicroelectronics.FP-ATR-ASTRA1.2.0.1
2025-02-25 21:13:49,932 [WARN] PackLoader:240 - Cannot read IP mode file for STMicroelectronics.X-CUBE-SMBUS.2.1.0
2025-02-25 21:13:49,994 [WARN] PackLoader:240 - Cannot read IP mode file for STMicroelectronics.X-CUBE-WB05N.1.1.0
2025-02-25 21:13:50,007 [WARN] PackLoader:240 - Cannot read IP mode file for STMicroelectronics.X-CUBE-TOUCHGFX.4.23.0
2025-02-25 21:13:50,042 [WARN] PackLoader:240 - Cannot read IP mode file for STMicroelectronics.X-CUBE-TOUCHGFX.4.23.2
2025-02-25 21:13:50,117 [WARN] PackLoader:240 - Cannot read IP mode file for STMicroelectronics.X-CUBE-AZRTOS-F7.1.1.0
2025-02-25 21:13:50,179 [WARN] PackLoader:240 - Cannot read IP mode file for STMicroelectronics.FP-SNS-MOTENV1.4.3.2
2025-02-25 21:13:50,239 [WARN] PackLoader:240 - Cannot read IP mode file for STMicroelectronics.X-CUBE-MEMS1.11.0.0
2025-02-25 21:13:50,410 [WARN] PackLoader:240 - Cannot read IP mode file for STMicroelectronics.FP-SNS-FLIGHT1.5.0.2
2025-02-25 21:13:50,420 [WARN] PackLoader:240 - Cannot read IP mode file for STMicroelectronics.X-CUBE-DISPLAY.3.0.0
2025-02-25 21:13:50,427 [WARN] PackLoader:240 - Cannot read IP mode file for STMicroelectronics.X-CUBE-BLE1.7.0.0
2025-02-25 21:13:50,433 [WARN] PackLoader:240 - Cannot read IP mode file for STMicroelectronics.X-CUBE-NFC10.1.0.0
2025-02-25 21:13:50,474 [WARN] PackLoader:240 - Cannot read IP mode file for STMicroelectronics.X-CUBE-BLEMGR.4.0.0
2025-02-25 21:13:50,513 [WARN] PackLoader:240 - Cannot read IP mode file for emotas.I-CUBE-CANOPEN.1.3.0
2025-02-25 21:13:50,598 [WARN] PackLoader:240 - Cannot read IP mode file for STMicroelectronics.X-CUBE-TOUCHGFX.4.22.1
2025-02-25 21:13:50,656 [WARN] PackLoader:240 - Cannot read IP mode file for STMicroelectronics.X-CUBE-BLEMGR.3.1.0
2025-02-25 21:13:50,703 [WARN] PackLoader:240 - Cannot read IP mode file for STMicroelectronics.X-CUBE-AI.10.0.0
2025-02-25 21:13:50,708 [WARN] PackLoader:240 - Cannot read IP mode file for STMicroelectronics.FP-SNS-SMARTAG2.1.2.0
2025-02-25 21:13:50,756 [WARN] PackLoader:240 - Cannot read IP mode file for STMicroelectronics.X-CUBE-MEMS1.11.1.0
2025-02-25 21:13:50,993 [INFO] LogOutputStream:77 - [STDOUT_REDIRECT] 1 : Invalid condition id : UX_CORESTACK_Condition cause : null
2025-02-25 21:13:50,993 [INFO] LogOutputStream:77 - [STDOUT_REDIRECT] 1 : Invalid condition id : UX_CORESTACK_Condition cause : null
2025-02-25 21:13:50,995 [INFO] LogOutputStream:77 - [STDOUT_REDIRECT] 1 : Invalid condition id : UX_CORESTACK_Condition cause : null
2025-02-25 21:13:50,997 [INFO] LogOutputStream:77 - [STDOUT_REDIRECT] 1 : Invalid condition id : UX_CORESTACK_Condition cause : null
2025-02-25 21:13:50,999 [INFO] LogOutputStream:77 - [STDOUT_REDIRECT] 1 : Invalid condition id : UX_CORESTACK_Condition cause : null
2025-02-25 21:13:51,003 [WARN] PackLoader:240 - Cannot read IP mode file for STMicroelectronics.X-CUBE-AZRTOS-WL.2.0.0
2025-02-25 21:13:51,058 [WARN] PackLoader:240 - Cannot read IP mode file for STMicroelectronics.FP-SNS-MOTENV1.5.0.0
2025-02-25 21:13:51,160 [INFO] WebApp:448 - Apply proxy settings
2025-02-25 21:13:51,161 [INFO] WebApp:533 - Chromium requires no authentication
2025-02-25 21:13:51,190 [INFO] WebApp:476 - Direct internet connection detected
2025-02-25 21:13:51,223 [WARN] PackLoader:240 - Cannot read IP mode file for wolfSSL.I-CUBE-wolfMQTT.1.19.0
2025-02-25 21:13:51,232 [WARN] PackLoader:240 - Cannot read IP mode file for WES.I-CUBE-Cesium.1.3.0
2025-02-25 21:13:51,243 [INFO] WebApp:869 - Register for checkConnection events
2025-02-25 21:13:51,243 [INFO] WebApp:448 - Apply proxy settings
2025-02-25 21:13:51,243 [INFO] WebApp:533 - Chromium requires no authentication
2025-02-25 21:13:51,244 [INFO] WebApp:476 - Direct internet connection detected
2025-02-25 21:13:51,395 [WARN] PackLoader:240 - Cannot read IP mode file for STMicroelectronics.X-CUBE-BLE2.3.3.0
2025-02-25 21:13:51,558 [WARN] PackLoader:240 - Cannot read IP mode file for STMicroelectronics.X-CUBE-NFC9.1.0.0
2025-02-25 21:13:51,694 [WARN] PackLoader:240 - Cannot read IP mode file for STMicroelectronics.X-CUBE-TCPP.4.1.0
2025-02-25 21:13:51,784 [INFO] WebApp:220 - Starting web application
2025-02-25 21:13:51,785 [INFO] WebApp:578 - Web application path used C:\ST\STM32CubeIDE_1.16.1\STM32CubeIDE\plugins\com.st.stm32cube.common.mx_6.12.1.202409122256\db\plugins\mcufinder\reactClient1\index.html
2025-02-25 21:13:51,986 [INFO] UserAuth:417 - Internet connection configuration mode: 1
2025-02-25 21:13:52,018 [WARN] PackLoader:240 - Cannot read IP mode file for STMicroelectronics.X-CUBE-ALGOBUILD.1.3.0
2025-02-25 21:13:52,181 [WARN] PackLoader:240 - Cannot read IP mode file for STMicroelectronics.X-CUBE-AZRTOS-G0.1.1.0
2025-02-25 21:13:52,198 [WARN] PackLoader:240 - Cannot read IP mode file for STMicroelectronics.X-CUBE-SAFEA1.1.2.2
2025-02-25 21:13:52,205 [WARN] PackLoader:240 - Cannot read IP mode file for STMicroelectronics.X-CUBE-NFC4.3.0.0
2025-02-25 21:13:52,209 [WARN] PackLoader:240 - Cannot read IP mode file for wolfSSL.I-CUBE-wolfMQTT.1.18.0
2025-02-25 21:13:52,220 [WARN] PackLoader:240 - Cannot read IP mode file for EmbeddedOffice.I-CUBE-FS-RTOS.1.0.1
2025-02-25 21:13:52,220 [ERROR] ConditionMgr:805 - Attr not supported : Dmpu
2025-02-25 21:13:52,220 [ERROR] ConditionMgr:805 - Attr not supported : Dmpu
2025-02-25 21:13:52,221 [ERROR] ConditionMgr:805 - Attr not supported : Dmpu
2025-02-25 21:13:52,221 [ERROR] ConditionMgr:805 - Attr not supported : Dmpu
2025-02-25 21:13:52,221 [ERROR] ConditionMgr:805 - Attr not supported : Dmpu
2025-02-25 21:13:52,221 [ERROR] ConditionMgr:805 - Attr not supported : Dmpu
2025-02-25 21:13:52,221 [ERROR] ConditionMgr:805 - Attr not supported : Dmpu
2025-02-25 21:13:52,221 [ERROR] ConditionMgr:805 - Attr not supported : Dmpu
2025-02-25 21:13:52,221 [ERROR] ConditionMgr:805 - Attr not supported : Dmpu
2025-02-25 21:13:52,221 [ERROR] ConditionMgr:805 - Attr not supported : Dmpu
2025-02-25 21:13:52,222 [ERROR] ConditionMgr:805 - Attr not supported : Dmpu
2025-02-25 21:13:52,222 [ERROR] ConditionMgr:805 - Attr not supported : Dmpu
2025-02-25 21:13:52,222 [ERROR] ConditionMgr:805 - Attr not supported : Dmpu
2025-02-25 21:13:52,222 [ERROR] ConditionMgr:805 - Attr not supported : Dmpu
2025-02-25 21:13:52,222 [ERROR] ConditionMgr:805 - Attr not supported : Dmpu
2025-02-25 21:13:52,222 [ERROR] ConditionMgr:805 - Attr not supported : Dmpu
2025-02-25 21:13:52,222 [ERROR] ConditionMgr:805 - Attr not supported : Dmpu
2025-02-25 21:13:52,222 [ERROR] ConditionMgr:805 - Attr not supported : Dmpu
2025-02-25 21:13:52,222 [ERROR] ConditionMgr:805 - Attr not supported : Dmpu
2025-02-25 21:13:52,222 [ERROR] ConditionMgr:805 - Attr not supported : Dmpu
2025-02-25 21:13:52,223 [ERROR] ConditionMgr:805 - Attr not supported : Dmpu
2025-02-25 21:13:52,223 [ERROR] ConditionMgr:805 - Attr not supported : Dmpu
2025-02-25 21:13:52,223 [ERROR] ConditionMgr:805 - Attr not supported : Dmpu
2025-02-25 21:13:52,223 [ERROR] ConditionMgr:805 - Attr not supported : Dmpu
2025-02-25 21:13:52,223 [ERROR] ConditionMgr:805 - Attr not supported : Dmpu
2025-02-25 21:13:52,223 [ERROR] ConditionMgr:805 - Attr not supported : Dmpu
2025-02-25 21:13:52,223 [ERROR] ConditionMgr:805 - Attr not supported : Dmpu
2025-02-25 21:13:52,223 [ERROR] ConditionMgr:805 - Attr not supported : Dmpu
2025-02-25 21:13:52,223 [ERROR] ConditionMgr:805 - Attr not supported : Dmpu
2025-02-25 21:13:52,223 [ERROR] ConditionMgr:805 - Attr not supported : Dmpu
2025-02-25 21:13:52,223 [ERROR] ConditionMgr:805 - Attr not supported : Dmpu
2025-02-25 21:13:52,223 [ERROR] ConditionMgr:805 - Attr not supported : Dmpu
2025-02-25 21:13:52,224 [ERROR] ConditionMgr:805 - Attr not supported : Dmpu
2025-02-25 21:13:52,224 [ERROR] ConditionMgr:805 - Attr not supported : Dmpu
2025-02-25 21:13:52,224 [ERROR] ConditionMgr:805 - Attr not supported : Dmpu
2025-02-25 21:13:52,224 [ERROR] ConditionMgr:805 - Attr not supported : Dmpu
2025-02-25 21:13:52,224 [ERROR] ConditionMgr:805 - Attr not supported : Dmpu
2025-02-25 21:13:52,224 [ERROR] ConditionMgr:805 - Attr not supported : Dmpu
2025-02-25 21:13:52,224 [ERROR] ConditionMgr:805 - Attr not supported : Dmpu
2025-02-25 21:13:52,224 [ERROR] ConditionMgr:805 - Attr not supported : Dmpu
2025-02-25 21:13:52,224 [ERROR] ConditionMgr:805 - Attr not supported : Dmpu
2025-02-25 21:13:52,224 [ERROR] ConditionMgr:805 - Attr not supported : Dmpu
2025-02-25 21:13:52,225 [ERROR] ConditionMgr:805 - Attr not supported : Dmpu
2025-02-25 21:13:52,225 [ERROR] ConditionMgr:805 - Attr not supported : Dmpu
2025-02-25 21:13:52,225 [ERROR] ConditionMgr:805 - Attr not supported : Dmpu
2025-02-25 21:13:52,225 [ERROR] ConditionMgr:805 - Attr not supported : Dmpu
2025-02-25 21:13:52,225 [ERROR] ConditionMgr:805 - Attr not supported : Dmpu
2025-02-25 21:13:52,225 [ERROR] ConditionMgr:805 - Attr not supported : Dmpu
2025-02-25 21:13:52,225 [ERROR] ConditionMgr:805 - Attr not supported : Dmpu
2025-02-25 21:13:52,225 [ERROR] ConditionMgr:805 - Attr not supported : Dmpu
2025-02-25 21:13:52,225 [ERROR] ConditionMgr:805 - Attr not supported : Dmpu
2025-02-25 21:13:52,225 [ERROR] ConditionMgr:805 - Attr not supported : Dmpu
2025-02-25 21:13:52,226 [ERROR] ConditionMgr:805 - Attr not supported : Dmpu
2025-02-25 21:13:52,226 [ERROR] ConditionMgr:805 - Attr not supported : Dmpu
2025-02-25 21:13:52,226 [ERROR] ConditionMgr:805 - Attr not supported : Dmpu
2025-02-25 21:13:52,226 [ERROR] ConditionMgr:805 - Attr not supported : Dmpu
2025-02-25 21:13:52,226 [ERROR] ConditionMgr:805 - Attr not supported : Dmpu
2025-02-25 21:13:52,226 [ERROR] ConditionMgr:805 - Attr not supported : Dmpu
2025-02-25 21:13:52,226 [ERROR] ConditionMgr:805 - Attr not supported : Dmpu
2025-02-25 21:13:52,226 [ERROR] ConditionMgr:805 - Attr not supported : Dmpu
2025-02-25 21:13:52,226 [ERROR] ConditionMgr:805 - Attr not supported : Dmpu
2025-02-25 21:13:52,226 [ERROR] ConditionMgr:805 - Attr not supported : Dmpu
2025-02-25 21:13:52,226 [ERROR] ConditionMgr:805 - Attr not supported : Dmpu
2025-02-25 21:13:52,227 [ERROR] ConditionMgr:805 - Attr not supported : Dmpu
2025-02-25 21:13:52,287 [WARN] PackLoader:240 - Cannot read IP mode file for STMicroelectronics.X-CUBE-BLEMGR.3.0.0
2025-02-25 21:13:52,293 [ERROR] Engine:466 - C:\Users\lucas\.stm32cubemx\thirdparties\pdsc\STMicroelectronics.X-CUBE-TCPP.4.2.0.pdsc: PDSC version is not supported
2025-02-25 21:13:52,298 [WARN] PackLoader:240 - Cannot read IP mode file for RealThread.X-CUBE-RT-Thread_Nano.4.1.1
2025-02-25 21:13:52,302 [WARN] PackLoader:240 - Cannot read IP mode file for STMicroelectronics.FP-ATR-SIGFOX1.3.2.0
2025-02-25 21:13:52,314 [WARN] ConditionMgr:438 - getConditionDescription Invalid condition id : Cortex-A Device cause : null
2025-02-25 21:13:52,374 [WARN] ConditionMgr:1039 - genDependencies : Invalid condition id : Cortex-A Device cause : null
2025-02-25 21:13:52,374 [WARN] ConditionMgr:1039 - genDependencies : Invalid condition id : Cortex-A Device cause : null
2025-02-25 21:13:52,374 [WARN] ConditionMgr:1039 - genDependencies : Invalid condition id : Cortex-A Device cause : null
2025-02-25 21:13:52,439 [WARN] PackLoader:240 - Cannot read IP mode file for STMicroelectronics.X-CUBE-EEPRMA1.5.1.0
2025-02-25 21:13:52,500 [WARN] PackLoader:240 - Cannot read IP mode file for SEGGER.I-CUBE-embOS.1.3.1
2025-02-25 21:13:52,570 [WARN] PackLoader:240 - Cannot read IP mode file for STMicroelectronics.X-CUBE-ALGOBUILD.1.4.0
2025-02-25 21:13:52,584 [WARN] PackLoader:240 - Cannot read IP mode file for STMicroelectronics.X-CUBE-AI.9.1.0
2025-02-25 21:13:52,590 [WARN] PackLoader:240 - Cannot read IP mode file for STMicroelectronics.X-CUBE-GNSS1.6.0.0
2025-02-25 21:13:52,606 [WARN] PackLoader:240 - Cannot read IP mode file for STMicroelectronics.X-CUBE-AZRTOS-F4.1.1.0
2025-02-25 21:13:52,612 [WARN] PackLoader:240 - Cannot read IP mode file for wolfSSL.I-CUBE-wolfSSL.5.6.4
2025-02-25 21:13:52,616 [WARN] PackLoader:240 - Cannot read IP mode file for STMicroelectronics.X-CUBE-ISPU.2.1.0
2025-02-25 21:13:52,640 [WARN] PackLoader:240 - Cannot read IP mode file for STMicroelectronics.X-CUBE-FREERTOS.1.2.0
2025-02-25 21:13:52,715 [WARN] PackLoader:240 - Cannot read IP mode file for STMicroelectronics.X-CUBE-AZRTOS-L5.2.0.0
2025-02-25 21:13:52,747 [WARN] PackLoader:240 - Cannot read IP mode file for STMicroelectronics.X-CUBE-EEPRMA1.4.2.0
2025-02-25 21:13:52,931 [INFO] WebApp:186 - Connection restablished
2025-02-25 21:13:52,964 [WARN] PackLoader:240 - Cannot read IP mode file for STMicroelectronics.X-CUBE-NFC6.3.1.0
2025-02-25 21:13:53,023 [WARN] PackLoader:240 - Cannot read IP mode file for ITTIA_DB.I-CUBE-ITTIADB.8.8.0
2025-02-25 21:13:53,064 [WARN] PackLoader:240 - Cannot read IP mode file for STMicroelectronics.X-CUBE-DPower.1.2.0
2025-02-25 21:13:53,074 [WARN] PackLoader:240 - Cannot read IP mode file for STMicroelectronics.X-CUBE-AI.9.0.0
2025-02-25 21:13:53,116 [WARN] ConditionMgr:438 - getConditionDescription Invalid condition id : UX DEVICE CLASS RTOS Condition cause : null
2025-02-25 21:13:53,117 [WARN] ConditionMgr:438 - getConditionDescription Invalid condition id : UX DEVICE CLASS RTOS Condition cause : null
2025-02-25 21:13:53,128 [WARN] PackLoader:240 - Cannot read IP mode file for STMicroelectronics.X-CUBE-AZRTOS-H7.3.1.0
2025-02-25 21:13:53,131 [WARN] ConditionMgr:1039 - genDependencies : Invalid condition id : UX DEVICE CLASS RTOS Condition cause : null
2025-02-25 21:13:53,131 [WARN] ConditionMgr:1039 - genDependencies : Invalid condition id : UX DEVICE CLASS RTOS Condition cause : null
2025-02-25 21:13:53,133 [WARN] ConditionMgr:1039 - genDependencies : Invalid condition id : UX DEVICE CLASS RTOS Condition cause : null
2025-02-25 21:13:53,134 [WARN] ConditionMgr:1039 - genDependencies : Invalid condition id : UX DEVICE CLASS RTOS Condition cause : null
2025-02-25 21:13:53,135 [WARN] ConditionMgr:1039 - genDependencies : Invalid condition id : UX DEVICE CLASS RTOS Condition cause : null
2025-02-25 21:13:53,179 [WARN] PackLoader:240 - Cannot read IP mode file for STMicroelectronics.X-CUBE-FREERTOS.1.3.0
2025-02-25 21:13:53,274 [WARN] PackLoader:240 - Cannot read IP mode file for STMicroelectronics.X-CUBE-NFC7.1.0.1
2025-02-25 21:13:53,311 [WARN] PackLoader:240 - Cannot read IP mode file for wolfSSL.I-CUBE-wolfTPM.3.2.0
2025-02-25 21:13:53,370 [WARN] PackLoader:240 - Cannot read IP mode file for STMicroelectronics.X-CUBE-NFC6.3.0.0
2025-02-25 21:13:53,386 [WARN] PackLoader:240 - Cannot read IP mode file for STMicroelectronics.X-CUBE-AI.8.1.0
2025-02-25 21:13:53,402 [WARN] ConditionMgr:438 - getConditionDescription Invalid condition id : LAN8742 Phy interface Condition cause : null
2025-02-25 21:13:53,402 [WARN] PackLoader:240 - Cannot read IP mode file for STMicroelectronics.X-CUBE-AZRTOS-L4.2.0.0
2025-02-25 21:13:53,403 [WARN] ConditionMgr:1039 - genDependencies : Invalid condition id : LAN8742 Phy interface Condition cause : null
2025-02-25 21:13:53,403 [WARN] ConditionMgr:1039 - genDependencies : Invalid condition id : LAN8742 Phy interface Condition cause : null
2025-02-25 21:13:53,404 [WARN] ConditionMgr:1039 - genDependencies : Invalid condition id : LAN8742 Phy interface Condition cause : null
2025-02-25 21:13:53,441 [WARN] PackLoader:240 - Cannot read IP mode file for STMicroelectronics.X-CUBE-SFXS2LP1.4.0.0
2025-02-25 21:13:53,446 [WARN] PackLoader:240 - Cannot read IP mode file for STMicroelectronics.X-CUBE-ISPU.1.1.0
2025-02-25 21:13:53,462 [WARN] PackLoader:240 - Cannot read IP mode file for STMicroelectronics.X-CUBE-AZRTOS-H7.3.3.0
2025-02-25 21:13:53,474 [WARN] PackLoader:240 - Cannot read IP mode file for STMicroelectronics.X-CUBE-IPS.3.0.0
2025-02-25 21:13:53,548 [WARN] ConditionMgr:438 - getConditionDescription Invalid condition id : UX DEVICE CLASS RTOS Condition cause : null
2025-02-25 21:13:53,549 [WARN] ConditionMgr:438 - getConditionDescription Invalid condition id : UX DEVICE CLASS RTOS Condition cause : null
2025-02-25 21:13:53,550 [WARN] PackLoader:240 - Cannot read IP mode file for STMicroelectronics.X-CUBE-AZRTOS-WB.2.0.0
2025-02-25 21:13:53,551 [WARN] ConditionMgr:1039 - genDependencies : Invalid condition id : UX DEVICE CLASS RTOS Condition cause : null
2025-02-25 21:13:53,551 [WARN] ConditionMgr:1039 - genDependencies : Invalid condition id : UX DEVICE CLASS RTOS Condition cause : null
2025-02-25 21:13:53,551 [WARN] ConditionMgr:1039 - genDependencies : Invalid condition id : UX DEVICE CLASS RTOS Condition cause : null
2025-02-25 21:13:53,551 [WARN] ConditionMgr:1039 - genDependencies : Invalid condition id : UX DEVICE CLASS RTOS Condition cause : null
2025-02-25 21:13:53,551 [WARN] ConditionMgr:1039 - genDependencies : Invalid condition id : UX DEVICE CLASS RTOS Condition cause : null
2025-02-25 21:13:53,558 [WARN] PackLoader:240 - Cannot read IP mode file for STMicroelectronics.X-CUBE-GNSS1.7.0.0
2025-02-25 21:13:53,564 [WARN] PackLoader:240 - Cannot read IP mode file for STMicroelectronics.X-CUBE-GNSS1.7.0.1
2025-02-25 21:13:53,572 [WARN] PackLoader:240 - Cannot read IP mode file for STMicroelectronics.FP-SNS-STBOX1.2.0.0
2025-02-25 21:13:53,582 [WARN] PackLoader:240 - Cannot read IP mode file for STMicroelectronics.X-CUBE-SUBG2.5.0.0
2025-02-25 21:13:53,592 [WARN] PackLoader:240 - Cannot read IP mode file for Cesanta.I-CUBE-Mongoose.7.13.0
2025-02-25 21:13:53,599 [WARN] PackLoader:240 - Cannot read IP mode file for STMicroelectronics.X-CUBE-TOF1.3.3.1
2025-02-25 21:13:53,634 [WARN] PackLoader:240 - Cannot read IP mode file for STMicroelectronics.X-CUBE-AZRTOS-G4.2.0.0
2025-02-25 21:13:53,688 [WARN] PackLoader:240 - Cannot read IP mode file for Infineon.AIROC-Wi-Fi-Bluetooth-STM32.1.5.1
2025-02-25 21:13:53,692 [WARN] PackLoader:240 - Cannot read IP mode file for STMicroelectronics.FP-SNS-MOTENVWB1.1.3.0
2025-02-25 21:13:53,695 [WARN] PackLoader:240 - Cannot read IP mode file for STMicroelectronics.FP-SNS-MOTENVWB1.1.3.1
2025-02-25 21:13:53,698 [WARN] PackLoader:240 - Cannot read IP mode file for STMicroelectronics.X-CUBE-ISPU.2.0.0
2025-02-25 21:13:53,703 [ERROR] Engine:466 - C:\Users\lucas\.stm32cubemx\thirdparties\pdsc\STMicroelectronics.X-CUBE-IPS.3.1.0.pdsc: PDSC version is not supported
2025-02-25 21:13:53,706 [WARN] PackLoader:240 - Cannot read IP mode file for STMicroelectronics.X-CUBE-ALS.1.0.2
2025-02-25 21:13:53,738 [WARN] PackLoader:240 - Cannot read IP mode file for STMicroelectronics.X-CUBE-MEMS1.10.0.0
2025-02-25 21:13:53,875 [WARN] PackLoader:240 - Cannot read IP mode file for STMicroelectronics.X-CUBE-FREERTOS.1.1.0
2025-02-25 21:13:53,878 [WARN] PackLoader:240 - Cannot read IP mode file for STMicroelectronics.X-CUBE-TOUCHGFX.4.24.0
2025-02-25 21:13:53,880 [WARN] PackLoader:240 - Cannot read IP mode file for STMicroelectronics.X-CUBE-TOUCHGFX.4.24.2
2025-02-25 21:13:53,883 [WARN] PackLoader:240 - Cannot read IP mode file for STMicroelectronics.X-CUBE-TOUCHGFX.4.24.1
2025-02-25 21:13:53,888 [WARN] PackLoader:240 - Cannot read IP mode file for portGmbH.I-Cube-SoM-uGOAL.1.1.0
2025-02-25 21:13:53,891 [WARN] PackLoader:240 - Cannot read IP mode file for STMicroelectronics.X-CUBE-ALS.1.0.1
2025-02-25 21:13:53,905 [WARN] PackLoader:240 - Cannot read IP mode file for STMicroelectronics.X-CUBE-AZRTOS-H7RS.1.0.0
2025-02-25 21:13:53,945 [WARN] PackLoader:240 - Cannot read IP mode file for STMicroelectronics.FP-ATR-ASTRA1.2.0.0
2025-02-25 21:13:53,971 [WARN] PackLoader:240 - Cannot read IP mode file for STMicroelectronics.X-CUBE-TOF1.3.4.2
2025-02-25 21:13:53,990 [WARN] PackLoader:240 - Cannot read IP mode file for STMicroelectronics.X-CUBE-TOF1.3.4.0
2025-02-25 21:13:54,058 [WARN] PackLoader:240 - Cannot read IP mode file for STMicroelectronics.X-CUBE-TOF1.3.4.1
2025-02-25 21:13:54,108 [WARN] PackLoader:240 - Cannot read IP mode file for STMicroelectronics.X-CUBE-AZRTOS-H7.3.2.0
2025-02-25 21:13:54,148 [WARN] PackLoader:240 - Cannot read IP mode file for wolfSSL.I-CUBE-wolfSSH.1.4.17
2025-02-25 21:13:54,149 [INFO] ThirdParty:978 - Integrity check success = true
2025-02-25 21:13:54,149 [INFO] IntegrityCheckThread:100 - exiting critical section [integrity check]
2025-02-25 21:13:54,149 [INFO] IntegrityCheckThread:103 - End integrity checks thread
2025-02-25 21:14:01,379 [ERROR] LogOutputStream:75 - [STDERR_REDIRECT] 
2025-02-25 21:14:01,380 [ERROR] LogOutputStream:75 - [STDERR_REDIRECT] 
